\BOOKMARK [0][-]{chapter.1}{\376\377\004\041\004\065\004\075\004\101\004\076\004\100\004\070\000\040\004\064\004\073\004\117\000\040\004\100\004\076\004\061\004\076\004\102\004\126\004\062\000\040\004\102\004\060\000\040\004\127\004\105\000\040\004\105\004\060\004\100\004\060\004\072\004\102\004\065\004\100\004\070\004\101\004\102\004\070\004\072\004\070\000.}{}% 1
\BOOKMARK [1][-]{section.1.1}{\376\377\004\051\004\076\000\040\004\102\004\060\004\072\004\065\000\040\004\101\004\065\004\075\004\101\004\076\004\100\004\070\000\040\004\064\004\073\004\117\000\040\004\100\004\076\004\061\004\076\004\102\004\076\004\102\004\065\004\105\004\075\004\126\004\072\004\070\000?}{chapter.1}% 2
\BOOKMARK [1][-]{section.1.2}{\376\377\004\047\004\076\004\074\004\103\000\040\004\100\004\065\004\106\004\065\004\077\004\102\004\076\004\100\004\070\000\040\004\062\004\060\004\066\004\073\004\070\004\062\004\126\000\040\004\064\004\073\004\117\000\040\004\100\004\076\004\061\004\076\004\102\004\126\004\062\000?}{chapter.1}% 3
\BOOKMARK [1][-]{section.1.3}{\376\377\004\045\004\060\004\100\004\060\004\072\004\102\004\065\004\100\004\070\004\101\004\102\004\070\004\072\004\070\000\040\004\064\004\060\004\102\004\107\004\070\004\072\004\126\004\062\000\040\004\103\000\040\004\100\004\076\004\061\004\076\004\102\004\076\004\102\004\065\004\105\004\075\004\126\004\106\004\126}{chapter.1}% 4
\BOOKMARK [2][-]{subsection.1.3.1}{\376\377\004\042\004\076\004\107\004\075\004\126\004\101\004\102\004\114}{section.1.3}% 5
\BOOKMARK [2][-]{subsection.1.3.2}{\376\377\004\032\004\060\004\073\004\126\004\061\004\100\004\126\004\062\004\072\004\060}{section.1.3}% 6
\BOOKMARK [2][-]{subsection.1.3.3}{\376\377\004\024\004\076\004\067\004\062\004\126\004\073}{section.1.3}% 7
\BOOKMARK [2][-]{subsection.1.3.4}{\376\377\004\033\004\126\004\075\004\126\004\071\004\075\004\126\004\101\004\102\004\114}{section.1.3}% 8
\BOOKMARK [2][-]{subsection.1.3.5}{\376\377\004\037\004\076\004\062\004\102\004\076\004\100\004\116\004\062\004\060\004\075\004\126\004\101\004\102\004\114}{section.1.3}% 9
\BOOKMARK [2][-]{subsection.1.3.6}{\376\377\004\034\004\065\004\100\004\102\004\062\004\060\000\040\004\067\004\076\004\075\004\060\000\040\004\102\004\060\000\040\004\063\004\126\004\101\004\102\004\065\004\100\004\065\004\067\004\070\004\101}{section.1.3}% 10
\BOOKMARK [2][-]{subsection.1.3.7}{\376\377\004\024\004\100\004\065\004\071\004\104\004\103\004\062\004\060\004\102\004\070}{section.1.3}% 11
\BOOKMARK [2][-]{subsection.1.3.8}{\376\377\004\042\004\065\004\074\004\077\004\065\004\100\004\060\004\102\004\103\004\100\004\060}{section.1.3}% 12
\BOOKMARK [2][-]{subsection.1.3.9}{\376\377\004\037\004\076\004\073\004\065\000\040\004\067\004\076\004\100\004\103\000\040\000\050\000F\000O\000V\000\051}{section.1.3}% 13
\BOOKMARK [2][-]{subsection.1.3.10}{\376\377\004\040\004\076\004\067\004\074\004\126\004\100\000\040\004\077\004\073\004\117\004\074\004\070}{section.1.3}% 14
\BOOKMARK [2][-]{subsection.1.3.11}{\376\377\004\044\004\076\004\100\004\074\004\060\000\040\004\062\004\070\004\105\004\076\004\064\004\103}{section.1.3}% 15
\BOOKMARK [2][-]{subsection.1.3.12}{\376\377\004\043\004\062\004\126\004\074\004\072\004\075\004\065\004\075\004\075\004\117}{section.1.3}% 16
\BOOKMARK [2][-]{subsection.1.3.13}{\376\377\004\035\004\060\004\064\004\126\004\071\004\075\004\126\004\101\004\102\004\114}{section.1.3}% 17
\BOOKMARK [1][-]{section.1.4}{\376\377\004\057\004\072\000\040\004\072\004\073\004\060\004\101\004\070\004\104\004\126\004\072\004\103\004\116\004\102\004\114\004\101\004\117\000\040\004\064\004\060\004\102\004\107\004\070\004\072\004\070\000?\000\040\000|\000\040\004\042\004\070\004\077\004\070\000\040\004\064\004\060\004\102\004\107\004\070\004\072\004\126\004\062\000\040\004\100\004\076\004\061\004\076\004\102\004\126\004\062}{chapter.1}% 18
\BOOKMARK [2][-]{subsection.1.4.1}{\376\377\004\037\004\100\004\076\004\077\004\100\004\126\004\076\004\106\004\065\004\077\004\102\004\070\004\062\004\075\004\126\000\040\004\102\004\060\000\040\004\065\004\072\004\101\004\102\004\065\004\100\004\076\004\106\004\065\004\077\004\102\004\070\004\062\004\075\004\126\000\040\004\064\004\060\004\102\004\107\004\070\004\072\004\070\000\040\004\062\000\040\004\100\004\076\004\061\004\076\004\102\004\076\004\102\004\065\004\105\004\075\004\126\004\106\004\126}{section.1.4}% 19
\BOOKMARK [2][-]{subsection.1.4.2}{\376\377\004\037\004\100\004\076\004\077\004\100\004\126\004\076\004\106\004\065\004\077\004\102\004\070\004\062\004\075\004\126\000\040\004\064\004\060\004\102\004\107\004\070\004\072\004\070\000\040\004\022\004\075\004\103\004\102\004\100\004\126\004\110\004\075\004\126\000\040\004\064\004\060\004\102\004\107\004\070\004\072\004\070\000\040\004\103\000\040\004\100\004\076\004\061\004\076\004\102\004\076\004\102\004\065\004\105\004\075\004\126\004\106\004\126}{section.1.4}% 20
\BOOKMARK [2][-]{subsection.1.4.3}{\376\377\004\025\004\072\004\101\004\102\004\065\004\100\004\076\004\106\004\065\004\077\004\102\004\070\004\062\004\075\004\126\000\040\004\064\004\060\004\102\004\107\004\070\004\072\004\070\000\040\004\027\004\076\004\062\004\075\004\126\004\110\004\075\004\126\000\040\004\064\004\060\004\102\004\107\004\070\004\072\004\070\000\040\004\103\000\040\004\100\004\076\004\061\004\076\004\102\004\076\004\102\004\065\004\105\004\075\004\126\004\106\004\126}{section.1.4}% 21
\BOOKMARK [2][-]{subsection.1.4.4}{\376\377\004\020\004\072\004\102\004\070\004\062\004\075\004\126\000\040\004\102\004\060\000\040\004\077\004\060\004\101\004\070\004\062\004\075\004\126\000\040\004\064\004\060\004\102\004\107\004\070\004\072\004\070\000\040\004\062\000\040\004\100\004\076\004\061\004\076\004\102\004\076\004\102\004\065\004\105\004\075\004\126\004\106\004\126}{section.1.4}% 22
\BOOKMARK [2][-]{subsection.1.4.5}{\376\377\004\020\004\072\004\102\004\070\004\062\004\075\004\126\000\040\004\064\004\060\004\102\004\107\004\070\004\072\004\070\000\040\004\103\000\040\004\100\004\076\004\061\004\076\004\102\004\076\004\102\004\065\004\105\004\075\004\126\004\106\004\126}{section.1.4}% 23
\BOOKMARK [2][-]{subsection.1.4.6}{\376\377\004\037\004\060\004\101\004\070\004\062\004\075\004\126\000\040\004\064\004\060\004\102\004\107\004\070\004\072\004\070\000\040\004\103\000\040\004\100\004\076\004\061\004\076\004\102\004\076\004\102\004\065\004\105\004\075\004\126\004\106\004\126}{section.1.4}% 24
\BOOKMARK [1][-]{section.1.5}{\376\377\004\057\004\072\000\040\004\100\004\076\004\061\004\076\004\102\004\070\000\040\004\062\004\070\004\072\004\076\004\100\004\070\004\101\004\102\004\076\004\062\004\103\004\116\004\102\004\114\000\040\004\064\004\060\004\102\004\107\004\070\004\072\004\070\000?\000\040\000|\000\040\004\057\004\072\004\126\000\040\004\077\004\100\004\076\004\061\004\073\004\065\004\074\004\070\000\040\004\074\004\076\004\066\004\103\004\102\004\114\000\040\004\062\004\070\004\100\004\126\004\110\004\070\004\102\004\070\000\040\004\100\004\076\004\061\004\076\004\102\004\070\000\040\004\067\004\060\000\040\004\064\004\076\004\077\004\076\004\074\004\076\004\063\004\076\004\116\000\040\004\064\004\060\004\102\004\107\004\070\004\072\004\126\004\062\000?}{chapter.1}% 25
\BOOKMARK [2][-]{subsection.1.5.1}{\376\377\004\027\004\060\004\101\004\102\004\076\004\101\004\103\004\062\004\060\004\075\004\075\004\117\000\040\004\064\004\060\004\102\004\107\004\070\004\072\004\126\004\062\000\040\004\103\000\040\004\100\004\076\004\061\004\076\004\102\004\076\004\102\004\065\004\105\004\075\004\126\004\106\004\126}{section.1.5}% 26
\BOOKMARK [1][-]{section.1.6}{\376\377\004\057\004\072\004\126\000\040\004\064\004\060\004\102\004\107\004\070\004\072\004\070\000\040\004\062\004\070\004\072\004\076\004\100\004\070\004\101\004\102\004\076\004\062\004\103\004\116\004\102\004\114\004\101\004\117\000\040\004\103\000\040\004\100\004\076\004\061\004\076\004\102\004\060\004\105\000?}{chapter.1}% 27
\BOOKMARK [2][-]{subsection.1.6.1}{\376\377\004\042\004\070\004\077\004\070\000\040\004\064\004\060\004\102\004\107\004\070\004\072\004\126\004\062\000\040\004\067\004\076\004\100\004\103\000,\000\040\004\111\004\076\000\040\004\062\004\070\004\072\004\076\004\100\004\070\004\101\004\102\004\076\004\062\004\103\004\116\004\102\004\114\004\101\004\117\000\040\004\103\000\040\004\100\004\076\004\061\004\076\004\102\004\076\004\102\004\065\004\105\004\075\004\126\004\106\004\126\000\040\000|\000\040\004\022\004\126\004\067\004\103\004\060\004\073\004\114\004\075\004\126\000\040\004\064\004\060\004\102\004\107\004\070\004\072\004\070\000\040}{section.1.6}% 28
\BOOKMARK [2][-]{subsection.1.6.2}{\376\377\0002\000D\000\040\000I\000m\000a\000g\000i\000n\000g}{section.1.6}% 29
\BOOKMARK [2][-]{subsection.1.6.3}{\376\377\0003\000D\000\040\004\067\004\076\004\075\004\064\004\103\004\062\004\060\004\075\004\075\004\117}{section.1.6}% 30
\BOOKMARK [2][-]{subsection.1.6.4}{\376\377\004\043\004\073\004\114\004\102\004\100\004\060\004\067\004\062\004\103\004\072\004\076\004\062\004\070\004\071}{section.1.6}% 31
\BOOKMARK [2][-]{subsection.1.6.5}{\376\377\004\040\004\076\004\061\004\076\004\102\000\040\004\067\000\040\004\126\004\075\004\104\004\100\004\060\004\107\004\065\004\100\004\062\004\076\004\075\004\070\004\074\000\040\004\064\004\060\004\102\004\107\004\070\004\072\004\076\004\074}{section.1.6}% 32
\BOOKMARK [2][-]{subsection.1.6.6}{\376\377\004\006\004\047\000-\004\064\004\060\004\102\004\107\004\070\004\072\000,\000\040\004\111\004\076\000\040\004\077\004\100\004\060\004\106\004\116\004\124\000\040\004\062\000\040\004\100\004\076\004\061\004\076\004\102\004\126\000-\004\077\004\076\004\062\004\126\004\064\004\076\004\074\004\075\004\070\004\072\004\103\000\040\004\073\004\126\004\075\004\126\004\127}{section.1.6}% 33
\BOOKMARK [1][-]{section.1.7}{\376\377\004\024\004\060\004\102\004\107\004\070\004\072\004\070\000\040\004\075\004\060\004\062\004\126\004\063\004\060\004\106\004\126\004\127\000\040\004\100\004\076\004\061\004\076\004\102\004\126\004\062}{chapter.1}% 34
\BOOKMARK [1][-]{section.1.8}{\376\377\004\024\004\060\004\102\004\107\004\070\004\072\004\070\000\040\004\101\004\070\004\073\004\070\000\040\004\103\000\040\004\100\004\076\004\061\004\076\004\102\004\076\004\102\004\065\004\105\004\075\004\126\004\106\004\126}{chapter.1}% 35
\BOOKMARK [2][-]{subsection.1.8.1}{\376\377\004\024\004\060\004\102\004\107\004\070\004\072\000\040\004\101\004\070\004\073\004\070\000\040\004\100\004\103\004\072\004\070\000\040\004\100\004\076\004\061\004\076\004\102\004\060}{section.1.8}% 36
\BOOKMARK [1][-]{section.1.9}{\376\377\004\024\004\060\004\102\004\107\004\070\004\072\000\040\004\102\004\065\004\074\004\077\004\065\004\100\004\060\004\102\004\103\004\100\004\070\000\040\004\062\000\040\004\100\004\076\004\061\004\076\004\102\004\076\004\102\004\065\004\105\004\075\004\126\004\106\004\126}{chapter.1}% 37
\BOOKMARK [1][-]{section.1.10}{\376\377\004\057\004\072\004\126\000\040\004\064\004\060\004\102\004\107\004\070\004\072\004\070\000\040\004\124\000\040\004\103\000\040\004\077\004\100\004\076\004\074\004\070\004\101\004\073\004\076\004\062\004\076\004\063\004\076\000\040\004\100\004\076\004\061\004\076\004\102\004\060\000?}{chapter.1}% 38
\BOOKMARK [2][-]{subsection.1.10.1}{\376\377\0002\000D\000\040\004\064\004\060\004\102\004\107\004\070\004\072\000\040\004\102\004\065\004\105\004\075\004\126\004\107\004\075\004\076\004\063\004\076\000\040\004\067\004\076\004\100\004\103}{section.1.10}% 39
\BOOKMARK [2][-]{subsection.1.10.2}{\376\377\0003\000D\000\040\004\064\004\060\004\102\004\107\004\070\004\072\000\040\004\102\004\065\004\105\004\075\004\126\004\107\004\075\004\076\004\063\004\076\000\040\004\067\004\076\004\100\004\103}{section.1.10}% 40
\BOOKMARK [2][-]{subsection.1.10.3}{\376\377\004\024\004\060\004\102\004\107\004\070\004\072\000\040\004\101\004\070\004\073\000\040\000|\000\040\004\024\004\060\004\102\004\107\004\070\004\072\004\070\000\040\004\072\004\100\004\103\004\102\004\075\004\076\004\063\004\076\000\040\004\074\004\076\004\074\004\065\004\075\004\102\004\103\000\040\004\062\000\040\004\100\004\076\004\061\004\076\004\102\004\076\004\102\004\065\004\105\004\075\004\126\004\106\004\126}{section.1.10}% 41
\BOOKMARK [2][-]{subsection.1.10.4}{\376\377\004\024\004\060\004\102\004\107\004\070\004\072\000\040\004\062\004\070\004\117\004\062\004\073\004\065\004\075\004\075\004\117\000\040\004\067\004\126\004\102\004\072\004\075\004\065\004\075\004\075\004\117}{section.1.10}% 42
\BOOKMARK [1][-]{section.1.11}{\376\377\004\057\004\072\004\126\000\040\004\064\004\060\004\102\004\107\004\070\004\072\004\070\000\040\004\074\004\060\004\116\004\102\004\114\000\040\004\064\004\076\004\077\004\076\004\074\004\126\004\066\004\075\004\126\000\040\004\100\004\076\004\061\004\076\004\102\004\070\000?}{chapter.1}% 43
\BOOKMARK [1][-]{section.1.12}{\376\377\004\024\004\060\004\102\004\107\004\070\004\072\000\040\004\064\004\060\004\073\004\114\004\075\004\076\004\101\004\102\004\126\000\040\004\103\000\040\004\100\004\076\004\061\004\076\004\102\004\076\004\102\004\065\004\105\004\075\004\126\004\106\004\126\000\040\000|\000\040\004\040\004\076\004\061\004\076\004\102\000\040\004\126\004\067\000\040\004\064\004\060\004\102\004\107\004\070\004\072\004\076\004\074\000\040\004\075\004\060\004\061\004\073\004\070\004\066\004\065\004\075\004\075\004\117}{chapter.1}% 44
\BOOKMARK [1][-]{section.1.13}{\376\377\004\024\004\060\004\102\004\107\004\070\004\072\004\070\000\040\004\077\004\076\004\073\004\076\004\066\004\065\004\075\004\075\004\117\000\040\004\103\000\040\004\100\004\076\004\061\004\076\004\102\004\076\004\102\004\065\004\105\004\075\004\126\004\106\004\126}{chapter.1}% 45
\BOOKMARK [2][-]{subsection.1.13.1}{\376\377\004\043\004\077\004\100\004\060\004\062\004\073\004\126\004\075\004\075\004\117\000\040\004\101\004\102\004\060\004\075\004\076\004\062\004\070\004\111\004\065\004\074\000\040\004\100\004\103\004\072\004\070\000\040\004\100\004\076\004\061\004\076\004\102\004\060}{section.1.13}% 46
\BOOKMARK [2][-]{subsection.1.13.2}{\376\377\004\036\004\077\004\102\004\070\004\107\004\075\004\070\004\071\000\040\004\064\004\060\004\102\004\107\004\070\004\072\000\040\004\077\004\076\004\073\004\076\004\066\004\065\004\075\004\075\004\117\000\040\004\103\000\040\004\100\004\076\004\061\004\076\004\102\004\076\004\102\004\065\004\105\004\075\004\126\004\106\004\126}{section.1.13}% 47
\BOOKMARK [1][-]{section.1.14}{\376\377\004\024\004\060\004\102\004\107\004\070\004\072\004\070\000\040\004\110\004\062\004\070\004\064\004\072\004\076\004\101\004\102\004\126\000\040\004\103\000\040\004\100\004\076\004\061\004\076\004\102\004\076\004\102\004\065\004\105\004\075\004\126\004\106\004\126}{chapter.1}% 48
\BOOKMARK [2][-]{subsection.1.14.1}{\376\377\004\042\004\060\004\105\004\076\004\074\004\065\004\102\004\100}{section.1.14}% 49
\BOOKMARK [1][-]{section.1.15}{\376\377\004\024\004\060\004\102\004\107\004\070\004\072\004\070\000\040\004\077\004\100\004\070\004\101\004\072\004\076\004\100\004\065\004\075\004\075\004\117\000\040\004\103\000\040\004\100\004\076\004\061\004\076\004\102\004\076\004\102\004\065\004\105\004\075\004\126\004\106\004\126}{chapter.1}% 50
\BOOKMARK [1][-]{section.1.16}{\376\377\004\024\004\060\004\102\004\107\004\070\004\072\004\070\000\040\004\064\004\073\004\117\000\040\004\100\004\076\004\061\004\076\004\102\004\126\004\062\000-\004\077\004\070\004\073\004\076\004\101\004\076\004\101\004\126\004\062}{chapter.1}% 51
\BOOKMARK [2][-]{subsection.1.16.1}{\376\377\004\024\004\060\004\102\004\107\004\070\004\072\004\070\000\040\004\077\004\065\004\100\004\065\004\110\004\072\004\076\004\064}{section.1.16}% 52
\BOOKMARK [2][-]{subsection.1.16.2}{\376\377\004\024\004\060\004\102\004\107\004\070\004\072\004\070\000\040\004\076\004\061\004\100\004\070\004\062\004\103}{section.1.16}% 53
\BOOKMARK [2][-]{subsection.1.16.3}{\376\377\004\035\004\060\004\101\004\102\004\126\004\075\004\075\004\126\000\040\004\064\004\060\004\102\004\107\004\070\004\072}{section.1.16}% 54
\BOOKMARK [2][-]{subsection.1.16.4}{\376\377\004\032\004\076\004\073\004\126\004\101\004\075\004\126\000\040\004\064\004\060\004\102\004\107\004\070\004\072\004\070}{section.1.16}% 55
\BOOKMARK [1][-]{section.1.17}{\376\377\004\024\004\060\004\102\004\107\004\070\004\072\004\070\000,\000\040\004\111\004\076\000\040\004\062\004\070\004\072\004\076\004\100\004\070\004\101\004\102\004\076\004\062\004\103\004\116\004\102\004\114\004\101\004\117\000\040\004\062\000\040\004\100\004\076\004\061\004\076\004\102\004\070\004\067\004\076\004\062\004\060\004\075\004\076\004\074\004\103\000\040\004\067\004\062\004\060\004\100\004\116\004\062\004\060\004\075\004\075\004\126}{chapter.1}% 56
\BOOKMARK [2][-]{subsection.1.17.1}{\376\377\000S\000e\000n\000s\000o\000r\000\040\000F\000u\000s\000i\000o\000n\000\040\000R\000o\000b\000o\000t\000i\000c\000s}{section.1.17}% 57
